INFO [2020-02-20 22:26:45] [hand.made000]  Session started!
INFO [2020-02-20 22:26:45] [hand.made000]  -- Connection Checklist [1/3] (Internet Connection Status)
INFO [2020-02-20 22:26:46] [hand.made000]  - Internet Connection Status: ok
INFO [2020-02-20 22:26:46] [hand.made000]  - Current IP is "118.150.129.200" and it's from "Taiwan/TW"
INFO [2020-02-20 22:26:46] [hand.made000]  -- Connection Checklist [2/3] (Instagram Server Status)
INFO [2020-02-20 22:26:51] [hand.made000]  - Instagram WebSite Status: Currently Up 
INFO [2020-02-20 22:26:51] [hand.made000]  - Instagram Response Time: 128.387 ms 
INFO [2020-02-20 22:26:51] [hand.made000]  - Instagram Reponse Code: 200
INFO [2020-02-20 22:26:51] [hand.made000]  - Instagram Server Status: ok
INFO [2020-02-20 22:26:51] [hand.made000]  -- Connection Checklist [3/3] (Hide Selenium Extension)
INFO [2020-02-20 22:26:51] [hand.made000]  - window.navigator.webdriver response: True
WARNING [2020-02-20 22:26:51] [hand.made000]  - Hide Selenium Extension: error
INFO [2020-02-20 22:27:18] [hand.made000]  Logged in successfully!
INFO [2020-02-20 22:27:18] [hand.made000]  Saving account progress...
INFO [2020-02-20 22:27:39] [hand.made000]  Sessional Live Report:
	|> No any statistics to show

On session start was FOLLOWING 203 users & had 16 FOLLOWERS
[Session lasted 1.03 minutes]
INFO [2020-02-20 22:27:39] [hand.made000]  Session ended!
INFO [2020-02-20 22:28:13] [hand.made000]  Session started!
INFO [2020-02-20 22:28:13] [hand.made000]  -- Connection Checklist [1/3] (Internet Connection Status)
INFO [2020-02-20 22:28:14] [hand.made000]  - Internet Connection Status: ok
INFO [2020-02-20 22:28:14] [hand.made000]  - Current IP is "118.150.129.200" and it's from "Taiwan/TW"
INFO [2020-02-20 22:28:14] [hand.made000]  -- Connection Checklist [2/3] (Instagram Server Status)
INFO [2020-02-20 22:28:19] [hand.made000]  - Instagram WebSite Status: Currently Up 
INFO [2020-02-20 22:28:19] [hand.made000]  - Instagram Response Time: 128.387 ms 
INFO [2020-02-20 22:28:19] [hand.made000]  - Instagram Reponse Code: 200
INFO [2020-02-20 22:28:19] [hand.made000]  - Instagram Server Status: ok
INFO [2020-02-20 22:28:19] [hand.made000]  -- Connection Checklist [3/3] (Hide Selenium Extension)
INFO [2020-02-20 22:28:19] [hand.made000]  - window.navigator.webdriver response: True
WARNING [2020-02-20 22:28:19] [hand.made000]  - Hide Selenium Extension: error
INFO [2020-02-20 22:28:29] [hand.made000]  Logged in successfully!
INFO [2020-02-20 22:28:29] [hand.made000]  Saving account progress...
INFO [2020-02-20 22:28:42] [hand.made000]  Using smart hashtags
INFO [2020-02-20 22:28:42] [hand.made000]  Tag [1/3]
INFO [2020-02-20 22:28:42] [hand.made000]  --> b'skii'
INFO [2020-02-20 22:28:50] [hand.made000]  desired amount: 19  |  top posts [disabled]: 9  |  possible posts: 1285699
INFO [2020-02-20 22:28:58] [hand.made000]  Like# [1/19]
INFO [2020-02-20 22:28:58] [hand.made000]  https://www.instagram.com/p/B8ysH_Zg93t/
INFO [2020-02-20 22:29:01] [hand.made000]  Image from: b'sevcanbariskan'
INFO [2020-02-20 22:29:01] [hand.made000]  Link: b'https://www.instagram.com/p/B8ysH_Zg93t/'
INFO [2020-02-20 22:29:01] [hand.made000]  Description: b'Mesaj\xc4\xb1m sana @benzinnn \xc5\x9f\xc4\xb1f\xc4\xb1t\xc4\xb1d\xc4\xb1 \xc5\x9f\xc4\xb1f\xc4\xb1t\xc4\xb1d\xc4\xb1 \xe2\x9b\xb7\xf0\x9f\x98\x82\n#tbt #erciyes #erciyeskayakmerkezi #skii #skiing'
INFO [2020-02-20 22:29:01] [hand.made000]  Location: b'Erciyes Kayak  Merkezi'
INFO [2020-02-20 22:29:33] [hand.made000]  --> Image Liked!
INFO [2020-02-20 22:29:37] [hand.made000]  --> Not commented
INFO [2020-02-20 22:29:38] [hand.made000]  --> Not following
INFO [2020-02-20 22:29:39] [hand.made000]  Like# [2/19]
INFO [2020-02-20 22:29:39] [hand.made000]  https://www.instagram.com/p/B8yrA4AnlHl/
INFO [2020-02-20 22:29:43] [hand.made000]  Image from: b'wanderingdana'
INFO [2020-02-20 22:29:43] [hand.made000]  Link: b'https://www.instagram.com/p/B8yrA4AnlHl/'
INFO [2020-02-20 22:29:43] [hand.made000]  Description: b'Southern Cross has to be the most scenic run at Blue Mountain! \xf0\x9f\x8e\xbf\n.\n.\n.\n#skiing #skii #skiing\xf0\x9f\x8e\xbf #skiing\xe2\x9b\xb7 #skiingseason #skiislife #skiingisbelieving #wintersports #wintersport #skiingtime #skiingisawesome #skiingfun #skiingday #skiinglife #skiingforlife #skiingtime #skiingislife #winter #winterweather #winter\xe2\x9d\x84\xef\xb8\x8f #BlueMountain #bluemountains #Collingwood #collingwoodontario #bluemountainresort #thebluemountains #southerncross #skirun #winterwonderland #winterlandscape #winterisbeautiful'
INFO [2020-02-20 22:29:43] [hand.made000]  Location: b'Blue Mountain'
INFO [2020-02-20 22:29:56] [hand.made000]  Sessional Live Report:
	|> No any statistics to show

On session start was FOLLOWING 203 users & had 16 FOLLOWERS
[Session lasted 1.84 minutes]
INFO [2020-02-20 22:29:56] [hand.made000]  Session ended!
INFO [2020-02-20 22:30:17] [hand.made000]  Session started!
INFO [2020-02-20 22:30:17] [hand.made000]  -- Connection Checklist [1/3] (Internet Connection Status)
INFO [2020-02-20 22:30:18] [hand.made000]  - Internet Connection Status: ok
INFO [2020-02-20 22:30:18] [hand.made000]  - Current IP is "118.150.129.200" and it's from "Taiwan/TW"
INFO [2020-02-20 22:30:18] [hand.made000]  -- Connection Checklist [2/3] (Instagram Server Status)
INFO [2020-02-20 22:30:23] [hand.made000]  - Instagram WebSite Status: Currently Up 
INFO [2020-02-20 22:30:23] [hand.made000]  - Instagram Response Time: 128.387 ms 
INFO [2020-02-20 22:30:23] [hand.made000]  - Instagram Reponse Code: 200
INFO [2020-02-20 22:30:23] [hand.made000]  - Instagram Server Status: ok
INFO [2020-02-20 22:30:23] [hand.made000]  -- Connection Checklist [3/3] (Hide Selenium Extension)
INFO [2020-02-20 22:30:23] [hand.made000]  - window.navigator.webdriver response: True
WARNING [2020-02-20 22:30:23] [hand.made000]  - Hide Selenium Extension: error
INFO [2020-02-20 22:30:33] [hand.made000]  Logged in successfully!
INFO [2020-02-20 22:30:33] [hand.made000]  Saving account progress...
INFO [2020-02-20 22:30:52] [hand.made000]  Sessional Live Report:
	|> No any statistics to show

On session start was FOLLOWING 203 users & had 16 FOLLOWERS
[Session lasted 42.44 seconds]
INFO [2020-02-20 22:30:52] [hand.made000]  Session ended!
INFO [2020-02-20 22:32:09] [hand.made000]  Session started!
INFO [2020-02-20 22:32:09] [hand.made000]  -- Connection Checklist [1/3] (Internet Connection Status)
INFO [2020-02-20 22:32:10] [hand.made000]  - Internet Connection Status: ok
INFO [2020-02-20 22:32:10] [hand.made000]  - Current IP is "118.150.129.200" and it's from "Taiwan/TW"
INFO [2020-02-20 22:32:10] [hand.made000]  -- Connection Checklist [2/3] (Instagram Server Status)
INFO [2020-02-20 22:32:15] [hand.made000]  - Instagram WebSite Status: Currently Up 
INFO [2020-02-20 22:32:15] [hand.made000]  - Instagram Response Time: 128.387 ms 
INFO [2020-02-20 22:32:15] [hand.made000]  - Instagram Reponse Code: 200
INFO [2020-02-20 22:32:15] [hand.made000]  - Instagram Server Status: ok
INFO [2020-02-20 22:32:15] [hand.made000]  -- Connection Checklist [3/3] (Hide Selenium Extension)
INFO [2020-02-20 22:32:15] [hand.made000]  - window.navigator.webdriver response: True
WARNING [2020-02-20 22:32:15] [hand.made000]  - Hide Selenium Extension: error
INFO [2020-02-20 22:32:25] [hand.made000]  Logged in successfully!
INFO [2020-02-20 22:32:25] [hand.made000]  Saving account progress...
INFO [2020-02-20 22:32:41] [hand.made000]  Tag [1/3]
INFO [2020-02-20 22:32:41] [hand.made000]  --> b'\xe5\x8f\xa3\xe7\xbd\xa9\xe5\xa5\x97'
INFO [2020-02-20 22:32:51] [hand.made000]  desired amount: 19  |  top posts [disabled]: 9  |  possible posts: 2922
INFO [2020-02-20 22:32:57] [hand.made000]  Follow# [1/19]
INFO [2020-02-20 22:32:57] [hand.made000]  https://www.instagram.com/p/B8yqOsEgNy1/
INFO [2020-02-20 22:33:00] [hand.made000]  Image from: b'momo__handmade__'
INFO [2020-02-20 22:33:00] [hand.made000]  Link: b'https://www.instagram.com/p/B8yqOsEgNy1/'
INFO [2020-02-20 22:33:00] [hand.made000]  Description: b'\xef\xbd\x9c\xe6\x89\x8b\xe4\xbd\x9c\xc2\xb7\xe5\x8f\xa3\xe7\xbd\xa9\xe5\xa5\x97\xef\xbd\x9c\n\xe5\x85\x89\xe6\x90\x9e\xe9\x80\x99\xe6\x8a\x98\xe7\x97\x95\xe5\xb0\xb1\xe8\x8a\xb1\xe4\xba\x86\xe8\x80\x81\xe5\x8d\x8a\xe5\xa4\xa9\xf0\x9f\xa4\xa3\xf0\x9f\x98\xad\n#\xe6\x89\x8b\xe4\xbd\x9c #\xe5\x8f\xa3\xe7\xbd\xa9 #\xe5\x8f\xa3\xe7\xbd\xa9\xe5\xa5\x97'
INFO [2020-02-20 22:33:37] [hand.made000]  Last follow is verified after reloading the page!
INFO [2020-02-20 22:33:37] [hand.made000]  --> Followed 'b'momo__handmade__''!
ERROR [2020-02-20 22:34:03] [hand.made000]  Failed to get the user ID of 'momo__handmade__' from post page!
INFO [2020-02-20 22:34:05] [hand.made000]  Follow# [2/19]
INFO [2020-02-20 22:34:05] [hand.made000]  https://www.instagram.com/p/B8yqMR3HYbQ/
INFO [2020-02-20 22:34:08] [hand.made000]  Image from: b'marywil0321'
INFO [2020-02-20 22:34:08] [hand.made000]  Link: b'https://www.instagram.com/p/B8yqMR3HYbQ/'
INFO [2020-02-20 22:34:08] [hand.made000]  Description: b'\xe6\x96\xb0\xe5\x93\x81\xe5\x8f\xa3\xe7\xbd\xa9\xe5\x8f\x8a\xe5\x8f\xa3\xe7\xbd\xa9\xe5\xa5\x97\xe5\x8d\xb3\xe5\xb0\x87\xe4\xb8\x8a\xe5\xb8\x82\xe5\x9b\x89\xef\xbc\x81\n\xe5\x8f\xa3\xe7\xbd\xa9\xe5\xa5\x97\xe5\x8f\xaf\xe4\xbb\xa5\xe5\x8c\x85\xe8\xa6\x86\xe5\x9c\xa8\xe9\x86\xab\xe7\x99\x82\xe7\x94\xa8\xe5\x8f\xa3\xe7\xbd\xa9\xe7\x9a\x84\xe5\xa4\x96\xe5\x81\xb4\n\xe9\xab\x92\xe4\xba\x86\xe5\x8f\xaf\xe4\xbb\xa5\xe6\x8b\x86\xe6\x8e\x89\xe6\xb8\x85\xe6\xb4\x97 \n\xe5\x8f\xaf\xe4\xbb\xa5\xe5\xa2\x9e\xe5\x8a\xa0\xe5\x8f\xa3\xe7\xbd\xa9\xe7\x9a\x84\xe4\xbd\xbf\xe7\x94\xa8\xe5\xa3\xbd\xe5\x91\xbd *\xe5\x8f\xa3\xe7\xbd\xa9\xe5\xb8\x83\xe6\x96\x99\xe9\x83\xbd\xe4\xbd\xbf\xe7\x94\xa8\xe6\x97\xa5\xe6\x9c\xac\xe7\xb4\x94\xe6\xa3\x89\xe5\xb8\x83\xe6\x96\x99\n\n\xe9\x80\xa3\xe7\xb5\x90\xe5\x9c\xa8\xe9\xa6\x96\xe9\xa0\x81\n\nlink in bio  #MaryWil#\xe5\x8c\x85\xe5\x8c\x85#\xe5\x81\xb4\xe8\x83\x8c\xe5\x8c\x85#pinkoi#handmade#bag#\xe5\x8f\xa3\xe7\xbd\xa9#\xe5\x8f\xa3\xe7\xbd\xa9\xe5\xa5\x97'
INFO [2020-02-20 22:34:46] [hand.made000]  Sessional Live Report:
	|> No any statistics to show

On session start was FOLLOWING 203 users & had 16 FOLLOWERS
[Session lasted 2.76 minutes]
INFO [2020-02-20 22:34:46] [hand.made000]  Session ended!
INFO [2020-02-20 23:02:52] [hand.made000]  Session started!
INFO [2020-02-20 23:02:52] [hand.made000]  -- Connection Checklist [1/3] (Internet Connection Status)
INFO [2020-02-20 23:02:53] [hand.made000]  - Internet Connection Status: ok
INFO [2020-02-20 23:02:53] [hand.made000]  - Current IP is "118.150.129.200" and it's from "Taiwan/TW"
INFO [2020-02-20 23:02:53] [hand.made000]  -- Connection Checklist [2/3] (Instagram Server Status)
INFO [2020-02-20 23:02:58] [hand.made000]  - Instagram WebSite Status: Currently Up 
INFO [2020-02-20 23:02:58] [hand.made000]  - Instagram Response Time: 128.387 ms 
INFO [2020-02-20 23:02:58] [hand.made000]  - Instagram Reponse Code: 200
INFO [2020-02-20 23:02:58] [hand.made000]  - Instagram Server Status: ok
INFO [2020-02-20 23:02:58] [hand.made000]  -- Connection Checklist [3/3] (Hide Selenium Extension)
INFO [2020-02-20 23:02:58] [hand.made000]  - window.navigator.webdriver response: True
WARNING [2020-02-20 23:02:58] [hand.made000]  - Hide Selenium Extension: error
INFO [2020-02-20 23:03:08] [hand.made000]  Logged in successfully!
INFO [2020-02-20 23:03:08] [hand.made000]  Saving account progress...
INFO [2020-02-20 23:03:22] [hand.made000]  Starting to follow user `Followers`..
INFO [2020-02-20 23:03:22] [hand.made000]  User 'minmin_quilt' [1/17]
INFO [2020-02-20 23:03:31] [hand.made000]  Grabbed 10 usernames from 'minmin_quilt's `Followers` to do following

INFO [2020-02-20 23:03:31] [hand.made000]  Ongoing Follow [1/10]: now following 'doldolpphin'...
INFO [2020-02-20 23:03:35] [hand.made000]  doldolpphin is private account, by default skip

INFO [2020-02-20 23:03:35] [hand.made000]  Ongoing Follow [2/10]: now following 'khusainovafardana'...
INFO [2020-02-20 23:04:35] [hand.made000]  Last follow is verified after reloading the page!
INFO [2020-02-20 23:04:35] [hand.made000]  --> Followed 'b'khusainovafardana''!
INFO [2020-02-20 23:04:42] [hand.made000]  Follow per user: 1  |  Total Follow: 1

INFO [2020-02-20 23:04:42] [hand.made000]  Ongoing Follow [3/10]: now following 'blessyou.hk'...
INFO [2020-02-20 23:05:43] [hand.made000]  Last follow is verified after reloading the page!
INFO [2020-02-20 23:05:43] [hand.made000]  --> Followed 'b'blessyou.hk''!
INFO [2020-02-20 23:05:50] [hand.made000]  Follow per user: 2  |  Total Follow: 2

INFO [2020-02-20 23:05:50] [hand.made000]  Ongoing Follow [4/10]: now following 'zxcv0912750812'...
INFO [2020-02-20 23:06:51] [hand.made000]  Last follow is verified after reloading the page!
INFO [2020-02-20 23:06:51] [hand.made000]  --> Followed 'b'zxcv0912750812''!
INFO [2020-02-20 23:06:58] [hand.made000]  Follow per user: 3  |  Total Follow: 3

INFO [2020-02-20 23:06:58] [hand.made000]  Ongoing Follow [5/10]: now following 'january16888'...
INFO [2020-02-20 23:07:01] [hand.made000]  january16888 is private account, by default skip

INFO [2020-02-20 23:07:01] [hand.made000]  Ongoing Follow [6/10]: now following 'vicowang22665'...
INFO [2020-02-20 23:07:04] [hand.made000]  vicowang22665 is private account, by default skip

INFO [2020-02-20 23:07:04] [hand.made000]  Ongoing Follow [7/10]: now following 'annalin8120'...
WARNING [2020-02-20 23:07:44] [hand.made000]  Last follow is not verified.	~'hand.made000' might be temporarily blocked from following

INFO [2020-02-20 23:10:59] [hand.made000]  Sessional Live Report:
	|> LIKED 0 images  |  ALREADY LIKED: 0
	|> COMMENTED on 0 images
	|> FOLLOWED 3 users  |  ALREADY FOLLOWED: 0
	|> UNFOLLOWED 0 users
	|> LIKED 0 comments
	|> REPLIED to 0 comments
	|> INAPPROPRIATE images: 0
	|> NOT VALID users: 0
	|> WATCHED 0 story(ies)  |  WATCHED 0 reel(s)

On session start was FOLLOWING 205 users & had 16 FOLLOWERS
[Session lasted 8.24 minutes]
INFO [2020-02-20 23:10:59] [hand.made000]  Session ended!
INFO [2020-02-20 23:11:43] [hand.made000]  Session started!
INFO [2020-02-20 23:11:43] [hand.made000]  -- Connection Checklist [1/3] (Internet Connection Status)
INFO [2020-02-20 23:11:44] [hand.made000]  - Internet Connection Status: ok
INFO [2020-02-20 23:11:44] [hand.made000]  - Current IP is "118.150.129.200" and it's from "Taiwan/TW"
INFO [2020-02-20 23:11:44] [hand.made000]  -- Connection Checklist [2/3] (Instagram Server Status)
INFO [2020-02-20 23:11:50] [hand.made000]  - Instagram WebSite Status: Currently Up 
INFO [2020-02-20 23:11:50] [hand.made000]  - Instagram Response Time: 128.387 ms 
INFO [2020-02-20 23:11:50] [hand.made000]  - Instagram Reponse Code: 200
INFO [2020-02-20 23:11:50] [hand.made000]  - Instagram Server Status: ok
INFO [2020-02-20 23:11:50] [hand.made000]  -- Connection Checklist [3/3] (Hide Selenium Extension)
INFO [2020-02-20 23:11:50] [hand.made000]  - window.navigator.webdriver response: True
WARNING [2020-02-20 23:11:50] [hand.made000]  - Hide Selenium Extension: error
INFO [2020-02-20 23:12:02] [hand.made000]  Logged in successfully!
INFO [2020-02-20 23:12:02] [hand.made000]  Saving account progress...
INFO [2020-02-20 23:12:16] [hand.made000]  Starting to follow user `Followers`..
INFO [2020-02-20 23:12:16] [hand.made000]  User 'minmin_quilt' [1/17]
INFO [2020-02-20 23:12:26] [hand.made000]  Grabbed 10 usernames from 'minmin_quilt's `Followers` to do following

INFO [2020-02-20 23:12:26] [hand.made000]  Ongoing Follow [1/10]: now following 'kikoislee'...
INFO [2020-02-20 23:13:07] [hand.made000]  Sessional Live Report:
	|> No any statistics to show

On session start was FOLLOWING 208 users & had 16 FOLLOWERS
[Session lasted 1.52 minutes]
INFO [2020-02-20 23:13:07] [hand.made000]  Session ended!
INFO [2020-02-20 23:13:35] [hand.made000]  Session started!
INFO [2020-02-20 23:13:35] [hand.made000]  -- Connection Checklist [1/3] (Internet Connection Status)
INFO [2020-02-20 23:13:35] [hand.made000]  - Internet Connection Status: ok
INFO [2020-02-20 23:13:35] [hand.made000]  - Current IP is "118.150.129.200" and it's from "Taiwan/TW"
INFO [2020-02-20 23:13:35] [hand.made000]  -- Connection Checklist [2/3] (Instagram Server Status)
INFO [2020-02-20 23:13:41] [hand.made000]  - Instagram WebSite Status: Currently Up 
INFO [2020-02-20 23:13:41] [hand.made000]  - Instagram Response Time: 128.387 ms 
INFO [2020-02-20 23:13:41] [hand.made000]  - Instagram Reponse Code: 200
INFO [2020-02-20 23:13:41] [hand.made000]  - Instagram Server Status: ok
INFO [2020-02-20 23:13:41] [hand.made000]  -- Connection Checklist [3/3] (Hide Selenium Extension)
INFO [2020-02-20 23:13:41] [hand.made000]  - window.navigator.webdriver response: True
WARNING [2020-02-20 23:13:41] [hand.made000]  - Hide Selenium Extension: error
INFO [2020-02-20 23:13:52] [hand.made000]  Logged in successfully!
INFO [2020-02-20 23:13:52] [hand.made000]  Saving account progress...
INFO [2020-02-20 23:14:05] [hand.made000]  Starting to follow user `Followers`..
INFO [2020-02-20 23:14:05] [hand.made000]  User 'minmin_quilt' [1/17]
INFO [2020-02-20 23:14:26] [hand.made000]  Grabbed 200 usernames from 'minmin_quilt's `Followers` to do following

INFO [2020-02-20 23:14:26] [hand.made000]  Ongoing Follow [1/200]: now following 'yahui5576'...
INFO [2020-02-20 23:15:05] [hand.made000]  Last follow is verified after reloading the page!
INFO [2020-02-20 23:15:05] [hand.made000]  --> Followed 'b'yahui5576''!
INFO [2020-02-20 23:15:13] [hand.made000]  Follow per user: 1  |  Total Follow: 1

INFO [2020-02-20 23:15:13] [hand.made000]  Ongoing Follow [2/200]: now following 'marcie128'...
WARNING [2020-02-20 23:15:54] [hand.made000]  Last follow is not verified.	~'hand.made000' might be temporarily blocked from following

INFO [2020-02-20 23:19:57] [hand.made000]  Follow per user: 1  |  Total Follow: 1

INFO [2020-02-20 23:19:57] [hand.made000]  Ongoing Follow [3/200]: now following 'buding217'...
WARNING [2020-02-20 23:20:35] [hand.made000]  Last follow is not verified.	~'hand.made000' might be temporarily blocked from following

INFO [2020-02-20 23:24:13] [hand.made000]  Follow per user: 1  |  Total Follow: 1

INFO [2020-02-20 23:24:13] [hand.made000]  Ongoing Follow [4/200]: now following 'thepurplestitches'...
WARNING [2020-02-20 23:24:54] [hand.made000]  Last follow is not verified.	~'hand.made000' might be temporarily blocked from following

INFO [2020-02-20 23:28:06] [hand.made000]  Follow per user: 1  |  Total Follow: 1

INFO [2020-02-20 23:28:06] [hand.made000]  Ongoing Follow [5/200]: now following 'susanchang19690805'...
INFO [2020-02-20 23:28:44] [hand.made000]  Last follow is verified after reloading the page!
INFO [2020-02-20 23:28:44] [hand.made000]  --> Followed 'b'susanchang19690805''!
INFO [2020-02-20 23:28:52] [hand.made000]  Follow per user: 2  |  Total Follow: 2

INFO [2020-02-20 23:28:52] [hand.made000]  Ongoing Follow [6/200]: now following 'levre_taipei'...
INFO [2020-02-20 23:29:51] [hand.made000]  Last follow is verified after reloading the page!
INFO [2020-02-20 23:29:51] [hand.made000]  --> Followed 'b'levre_taipei''!
INFO [2020-02-20 23:29:58] [hand.made000]  Follow per user: 3  |  Total Follow: 3

INFO [2020-02-20 23:29:58] [hand.made000]  Ongoing Follow [7/200]: now following 'atelierj_fujimoto_emiko'...
INFO [2020-02-20 23:30:59] [hand.made000]  Last follow is verified after reloading the page!
INFO [2020-02-20 23:30:59] [hand.made000]  --> Followed 'b'atelierj_fujimoto_emiko''!
INFO [2020-02-20 23:31:07] [hand.made000]  Follow per user: 4  |  Total Follow: 4

INFO [2020-02-20 23:31:07] [hand.made000]  Ongoing Follow [8/200]: now following 'pingzhu_403'...
INFO [2020-02-20 23:31:12] [hand.made000]  pingzhu_403 is private account, by default skip

INFO [2020-02-20 23:31:12] [hand.made000]  Ongoing Follow [9/200]: now following 'coronmama04'...
INFO [2020-02-20 23:32:12] [hand.made000]  Last follow is verified after reloading the page!
INFO [2020-02-20 23:32:12] [hand.made000]  --> Followed 'b'coronmama04''!
INFO [2020-02-20 23:32:20] [hand.made000]  Follow per user: 5  |  Total Follow: 5

INFO [2020-02-20 23:32:20] [hand.made000]  Ongoing Follow [10/200]: now following 'lalaiya_2017'...
INFO [2020-02-20 23:33:19] [hand.made000]  Last follow is verified after reloading the page!
INFO [2020-02-20 23:33:19] [hand.made000]  --> Followed 'b'lalaiya_2017''!
INFO [2020-02-20 23:33:27] [hand.made000]  Follow per user: 6  |  Total Follow: 6

INFO [2020-02-20 23:33:27] [hand.made000]  Ongoing Follow [11/200]: now following 'sabina930670'...
INFO [2020-02-20 23:34:05] [hand.made000]  Last follow is verified after reloading the page!
INFO [2020-02-20 23:34:05] [hand.made000]  --> Followed 'b'sabina930670''!
INFO [2020-02-20 23:34:13] [hand.made000]  Follow per user: 7  |  Total Follow: 7

INFO [2020-02-20 23:34:13] [hand.made000]  Ongoing Follow [12/200]: now following 'dgmmekppod69'...
WARNING [2020-02-20 23:34:52] [hand.made000]  Last follow is not verified.	~'hand.made000' might be temporarily blocked from following

INFO [2020-02-20 23:39:29] [hand.made000]  Follow per user: 7  |  Total Follow: 7

INFO [2020-02-20 23:39:29] [hand.made000]  Ongoing Follow [13/200]: now following 'fardanakhusainova'...
INFO [2020-02-20 23:40:30] [hand.made000]  Last follow is verified after reloading the page!
INFO [2020-02-20 23:40:30] [hand.made000]  --> Followed 'b'fardanakhusainova''!
INFO [2020-02-20 23:40:37] [hand.made000]  Follow per user: 8  |  Total Follow: 8

INFO [2020-02-20 23:40:37] [hand.made000]  ------=>  Followed 8 new users ~sleeping about 9.86 minutes

INFO [2020-02-20 23:52:31] [hand.made000]  Ongoing Follow [14/200]: now following 'changpaggie'...
INFO [2020-02-20 23:52:34] [hand.made000]  changpaggie is private account, by default skip

INFO [2020-02-20 23:52:34] [hand.made000]  Ongoing Follow [15/200]: now following 'susi.santoso'...
INFO [2020-02-20 23:52:36] [hand.made000]  susi.santoso is private account, by default skip

INFO [2020-02-20 23:52:36] [hand.made000]  Ongoing Follow [16/200]: now following 'alessialu.art'...
INFO [2020-02-20 23:53:37] [hand.made000]  Last follow is verified after reloading the page!
INFO [2020-02-20 23:53:37] [hand.made000]  --> Followed 'b'alessialu.art''!
INFO [2020-02-20 23:53:45] [hand.made000]  Follow per user: 9  |  Total Follow: 9

INFO [2020-02-20 23:53:45] [hand.made000]  Ongoing Follow [17/200]: now following 'nata.traveller'...
INFO [2020-02-20 23:54:46] [hand.made000]  Last follow is verified after reloading the page!
INFO [2020-02-20 23:54:46] [hand.made000]  --> Followed 'b'nata.traveller''!
INFO [2020-02-20 23:54:56] [hand.made000]  Follow per user: 10  |  Total Follow: 10

INFO [2020-02-20 23:54:56] [hand.made000]  Ongoing Follow [18/200]: now following 'neoneet2018'...
INFO [2020-02-20 23:55:56] [hand.made000]  Last follow is verified after reloading the page!
INFO [2020-02-20 23:55:56] [hand.made000]  --> Followed 'b'neoneet2018''!
INFO [2020-02-20 23:56:04] [hand.made000]  Follow per user: 11  |  Total Follow: 11

INFO [2020-02-20 23:56:04] [hand.made000]  Ongoing Follow [19/200]: now following 'jess_pau'...
INFO [2020-02-20 23:56:07] [hand.made000]  jess_pau is private account, by default skip

INFO [2020-02-20 23:56:07] [hand.made000]  Ongoing Follow [20/200]: now following 'linxinping2873'...
INFO [2020-02-20 23:56:09] [hand.made000]  linxinping2873 is private account, by default skip

INFO [2020-02-20 23:56:09] [hand.made000]  Ongoing Follow [21/200]: now following 'vamirashi.9'...
INFO [2020-02-20 23:57:09] [hand.made000]  Last follow is verified after reloading the page!
INFO [2020-02-20 23:57:09] [hand.made000]  --> Followed 'b'vamirashi.9''!
INFO [2020-02-20 23:57:17] [hand.made000]  Follow per user: 12  |  Total Follow: 12

INFO [2020-02-20 23:57:17] [hand.made000]  Ongoing Follow [22/200]: now following 'pan_nini.320'...
INFO [2020-02-20 23:58:17] [hand.made000]  Last follow is verified after reloading the page!
INFO [2020-02-20 23:58:17] [hand.made000]  --> Followed 'b'pan_nini.320''!
INFO [2020-02-20 23:58:24] [hand.made000]  Follow per user: 13  |  Total Follow: 13

INFO [2020-02-20 23:58:24] [hand.made000]  Ongoing Follow [23/200]: now following 'leongpohping'...
INFO [2020-02-20 23:58:26] [hand.made000]  leongpohping is private account, by default skip

INFO [2020-02-20 23:58:26] [hand.made000]  Ongoing Follow [24/200]: now following 'msdiy_8825959'...
INFO [2020-02-20 23:59:25] [hand.made000]  Last follow is verified after reloading the page!
INFO [2020-02-20 23:59:25] [hand.made000]  --> Followed 'b'msdiy_8825959''!
INFO [2020-02-20 23:59:34] [hand.made000]  Follow per user: 14  |  Total Follow: 14

INFO [2020-02-20 23:59:34] [hand.made000]  Ongoing Follow [25/200]: now following 'ss5324738'...
INFO [2020-02-20 23:59:36] [hand.made000]  ss5324738 is private account, by default skip

INFO [2020-02-20 23:59:36] [hand.made000]  Ongoing Follow [26/200]: now following 'dilililidilililidada123'...
INFO [2020-02-20 23:59:41] [hand.made000]  dilililidilililidada123 is private account, by default skip

INFO [2020-02-20 23:59:41] [hand.made000]  Ongoing Follow [27/200]: now following 'bookokmay'...
INFO [2020-02-20 23:59:44] [hand.made000]  bookokmay is private account, by default skip

INFO [2020-02-20 23:59:44] [hand.made000]  Ongoing Follow [28/200]: now following 'yuyoyola'...
INFO [2020-02-20 23:59:47] [hand.made000]  yuyoyola is private account, by default skip

INFO [2020-02-20 23:59:47] [hand.made000]  Ongoing Follow [29/200]: now following 'galinagorfinkel'...
WARNING [2020-02-21 00:00:25] [hand.made000]  Last follow is not verified.	~'hand.made000' might be temporarily blocked from following

INFO [2020-02-21 00:03:52] [hand.made000]  Follow per user: 14  |  Total Follow: 14

INFO [2020-02-21 00:03:52] [hand.made000]  Ongoing Follow [30/200]: now following 'niceyoyo1001'...
INFO [2020-02-21 00:04:32] [hand.made000]  Last follow is verified after reloading the page!
INFO [2020-02-21 00:04:32] [hand.made000]  --> Followed 'b'niceyoyo1001''!
INFO [2020-02-21 00:04:42] [hand.made000]  Follow per user: 15  |  Total Follow: 15

INFO [2020-02-21 00:04:42] [hand.made000]  Ongoing Follow [31/200]: now following 'stephtheofficial'...
INFO [2020-02-21 00:05:41] [hand.made000]  Last follow is verified after reloading the page!
INFO [2020-02-21 00:05:41] [hand.made000]  --> Followed 'b'stephtheofficial''!
INFO [2020-02-21 00:05:50] [hand.made000]  Follow per user: 16  |  Total Follow: 16

INFO [2020-02-21 00:05:50] [hand.made000]  Ongoing Follow [32/200]: now following 'cu0013'...
INFO [2020-02-21 00:06:49] [hand.made000]  Last follow is verified after reloading the page!
INFO [2020-02-21 00:06:49] [hand.made000]  --> Followed 'b'cu0013''!
INFO [2020-02-21 00:06:56] [hand.made000]  Follow per user: 17  |  Total Follow: 17

INFO [2020-02-21 00:06:56] [hand.made000]  Ongoing Follow [33/200]: now following 'suyeehuang'...
INFO [2020-02-21 00:07:56] [hand.made000]  Last follow is verified after reloading the page!
INFO [2020-02-21 00:07:56] [hand.made000]  --> Followed 'b'suyeehuang''!
INFO [2020-02-21 00:08:02] [hand.made000]  Follow per user: 18  |  Total Follow: 18

INFO [2020-02-21 00:08:02] [hand.made000]  Ongoing Follow [34/200]: now following 'letstryageage70'...
INFO [2020-02-21 00:09:04] [hand.made000]  Last follow is verified after reloading the page!
INFO [2020-02-21 00:09:04] [hand.made000]  --> Followed 'b'letstryageage70''!
INFO [2020-02-21 00:09:14] [hand.made000]  Follow per user: 19  |  Total Follow: 19

INFO [2020-02-21 00:09:14] [hand.made000]  Ongoing Follow [35/200]: now following 'shining_hlw_58'...
INFO [2020-02-21 00:10:13] [hand.made000]  Last follow is verified after reloading the page!
INFO [2020-02-21 00:10:13] [hand.made000]  --> Followed 'b'shining_hlw_58''!
INFO [2020-02-21 00:10:22] [hand.made000]  Follow per user: 20  |  Total Follow: 20

INFO [2020-02-21 00:10:22] [hand.made000]  ------=>  Followed 12 new users ~sleeping about 10.73 minutes

INFO [2020-02-21 09:55:44] [hand.made000]  Ongoing Follow [36/200]: now following 'a_ne_mone.612'...
WARNING [2020-02-21 10:34:27] [hand.made000]  Last follow is not verified.	~'hand.made000' might be temporarily blocked from following

INFO [2020-02-21 18:38:18] [hand.made000]  Follow per user: 20  |  Total Follow: 20

INFO [2020-02-21 18:38:18] [hand.made000]  Ongoing Follow [37/200]: now following 'wishing_candle'...
WARNING [2020-02-21 19:14:14] [hand.made000]  Last follow is not verified.	~'hand.made000' might be temporarily blocked from following

INFO [2020-02-21 19:46:33] [hand.made000]  Sessional Live Report:
	|> LIKED 0 images  |  ALREADY LIKED: 0
	|> COMMENTED on 0 images
	|> FOLLOWED 20 users  |  ALREADY FOLLOWED: 0
	|> UNFOLLOWED 0 users
	|> LIKED 0 comments
	|> REPLIED to 0 comments
	|> INAPPROPRIATE images: 0
	|> NOT VALID users: 0
	|> WATCHED 0 story(ies)  |  WATCHED 0 reel(s)

On session start was FOLLOWING 209 users & had 16 FOLLOWERS
[Session lasted 20.55 hours]
INFO [2020-02-21 19:46:33] [hand.made000]  Session ended!
